2025-03-08 11:35:17 - INFO - Starting EmployeePayrollApplication using Java 18.0.2.1 with PID 18332 (C:\Users\Jagrati Dixit\Downloads\EmployeePayroll\EmployeePayroll\target\classes started by Jagrati Dixit in C:\Users\Jagrati Dixit\Downloads\EmployeePayroll\EmployeePayroll)
2025-03-08 11:35:17 - DEBUG - Running with Spring Boot v3.4.3, Spring v6.2.3
2025-03-08 11:35:17 - INFO - No active profile set, falling back to 1 default profile: "default"
2025-03-08 11:35:17 - INFO - Bootstrapping Spring Data JPA repositories in DEFAULT mode.
2025-03-08 11:35:18 - INFO - Finished Spring Data repository scanning in 20 ms. Found 1 JPA repository interface.
2025-03-08 11:35:18 - INFO - Tomcat initialized with port 8080 (http)
2025-03-08 11:35:18 - INFO - Starting service [Tomcat]
2025-03-08 11:35:18 - INFO - Starting Servlet engine: [Apache Tomcat/10.1.36]
2025-03-08 11:35:18 - INFO - Initializing Spring embedded WebApplicationContext
2025-03-08 11:35:18 - INFO - Root WebApplicationContext: initialization completed in 874 ms
2025-03-08 11:35:18 - INFO - HHH000204: Processing PersistenceUnitInfo [name: default]
2025-03-08 11:35:18 - INFO - HHH000026: Second-level cache disabled
2025-03-08 11:35:18 - INFO - No LoadTimeWeaver setup: ignoring JPA class transformer
2025-03-08 11:35:18 - INFO - HikariPool-2 - Starting...
2025-03-08 11:35:18 - INFO - HikariPool-2 - Added connection com.mysql.cj.jdbc.ConnectionImpl@48950739
2025-03-08 11:35:18 - INFO - HikariPool-2 - Start completed.
2025-03-08 11:35:18 - WARN - HHH90000025: MySQL8Dialect does not need to be specified explicitly using 'hibernate.dialect' (remove the property setting and it will be selected by default)
2025-03-08 11:35:18 - WARN - HHH90000026: MySQL8Dialect has been deprecated; use org.hibernate.dialect.MySQLDialect instead
2025-03-08 11:35:18 - INFO - HHH10001005: Database info:
	Database JDBC URL [Connecting through datasource 'HikariDataSource (HikariPool-2)']
	Database driver: undefined/unknown
	Database version: 8.0
	Autocommit mode: undefined/unknown
	Isolation level: undefined/unknown
	Minimum pool size: undefined/unknown
	Maximum pool size: undefined/unknown
2025-03-08 11:35:18 - INFO - HHH000489: No JTA platform available (set 'hibernate.transaction.jta.platform' to enable JTA platform integration)
2025-03-08 11:35:18 - INFO - Initialized JPA EntityManagerFactory for persistence unit 'default'
2025-03-08 11:35:18 - WARN - Exception encountered during context initialization - cancelling refresh attempt: org.springframework.beans.factory.BeanCreationException: Error creating bean with name 'employeeService': Lookup method resolution failed
2025-03-08 11:35:18 - INFO - Closing JPA EntityManagerFactory for persistence unit 'default'
2025-03-08 11:35:18 - INFO - HikariPool-2 - Shutdown initiated...
2025-03-08 11:35:18 - INFO - HikariPool-2 - Shutdown completed.
2025-03-08 11:35:18 - INFO - Stopping service [Tomcat]
2025-03-08 11:35:18 - INFO - 

Error starting ApplicationContext. To display the condition evaluation report re-run your application with 'debug' enabled.
2025-03-08 11:35:18 - ERROR - Application run failed
org.springframework.beans.factory.BeanCreationException: Error creating bean with name 'employeeService': Lookup method resolution failed
	at org.springframework.beans.factory.annotation.AutowiredAnnotationBeanPostProcessor.checkLookupMethods(AutowiredAnnotationBeanPostProcessor.java:498) ~[spring-beans-6.2.3.jar:6.2.3]
	at org.springframework.beans.factory.annotation.AutowiredAnnotationBeanPostProcessor.determineCandidateConstructors(AutowiredAnnotationBeanPostProcessor.java:368) ~[spring-beans-6.2.3.jar:6.2.3]
	at org.springframework.beans.factory.support.AbstractAutowireCapableBeanFactory.determineConstructorsFromBeanPostProcessors(AbstractAutowireCapableBeanFactory.java:1320) ~[spring-beans-6.2.3.jar:6.2.3]
	at org.springframework.beans.factory.support.AbstractAutowireCapableBeanFactory.createBeanInstance(AbstractAutowireCapableBeanFactory.java:1215) ~[spring-beans-6.2.3.jar:6.2.3]
	at org.springframework.beans.factory.support.AbstractAutowireCapableBeanFactory.doCreateBean(AbstractAutowireCapableBeanFactory.java:563) ~[spring-beans-6.2.3.jar:6.2.3]
	at org.springframework.beans.factory.support.AbstractAutowireCapableBeanFactory.createBean(AbstractAutowireCapableBeanFactory.java:523) ~[spring-beans-6.2.3.jar:6.2.3]
	at org.springframework.beans.factory.support.AbstractBeanFactory.lambda$doGetBean$0(AbstractBeanFactory.java:339) ~[spring-beans-6.2.3.jar:6.2.3]
	at org.springframework.beans.factory.support.DefaultSingletonBeanRegistry.getSingleton(DefaultSingletonBeanRegistry.java:346) ~[spring-beans-6.2.3.jar:6.2.3]
	at org.springframework.beans.factory.support.AbstractBeanFactory.doGetBean(AbstractBeanFactory.java:337) ~[spring-beans-6.2.3.jar:6.2.3]
	at org.springframework.beans.factory.support.AbstractBeanFactory.getBean(AbstractBeanFactory.java:202) ~[spring-beans-6.2.3.jar:6.2.3]
	at org.springframework.beans.factory.support.DefaultListableBeanFactory.instantiateSingleton(DefaultListableBeanFactory.java:1155) ~[spring-beans-6.2.3.jar:6.2.3]
	at org.springframework.beans.factory.support.DefaultListableBeanFactory.preInstantiateSingleton(DefaultListableBeanFactory.java:1121) ~[spring-beans-6.2.3.jar:6.2.3]
	at org.springframework.beans.factory.support.DefaultListableBeanFactory.preInstantiateSingletons(DefaultListableBeanFactory.java:1056) ~[spring-beans-6.2.3.jar:6.2.3]
	at org.springframework.context.support.AbstractApplicationContext.finishBeanFactoryInitialization(AbstractApplicationContext.java:987) ~[spring-context-6.2.3.jar:6.2.3]
	at org.springframework.context.support.AbstractApplicationContext.refresh(AbstractApplicationContext.java:627) ~[spring-context-6.2.3.jar:6.2.3]
	at org.springframework.boot.web.servlet.context.ServletWebServerApplicationContext.refresh(ServletWebServerApplicationContext.java:146) ~[spring-boot-3.4.3.jar:3.4.3]
	at org.springframework.boot.SpringApplication.refresh(SpringApplication.java:752) ~[spring-boot-3.4.3.jar:3.4.3]
	at org.springframework.boot.SpringApplication.refreshContext(SpringApplication.java:439) ~[spring-boot-3.4.3.jar:3.4.3]
	at org.springframework.boot.SpringApplication.run(SpringApplication.java:318) ~[spring-boot-3.4.3.jar:3.4.3]
	at org.springframework.boot.SpringApplication.run(SpringApplication.java:1361) ~[spring-boot-3.4.3.jar:3.4.3]
	at org.springframework.boot.SpringApplication.run(SpringApplication.java:1350) ~[spring-boot-3.4.3.jar:3.4.3]
	at com.example.EmployeePayroll.EmployeePayrollApplication.main(EmployeePayrollApplication.java:10) ~[classes/:na]
	at java.base/jdk.internal.reflect.DirectMethodHandleAccessor.invoke(DirectMethodHandleAccessor.java:104) ~[na:na]
	at java.base/java.lang.reflect.Method.invoke(Method.java:577) ~[na:na]
	at org.springframework.boot.devtools.restart.RestartLauncher.run(RestartLauncher.java:50) ~[spring-boot-devtools-3.4.3.jar:3.4.3]
Caused by: java.lang.IllegalStateException: Failed to introspect Class [com.example.EmployeePayroll.service.EmployeeService] from ClassLoader [org.springframework.boot.devtools.restart.classloader.RestartClassLoader@2d3e7091]
	at org.springframework.util.ReflectionUtils.getDeclaredMethods(ReflectionUtils.java:483) ~[spring-core-6.2.3.jar:6.2.3]
	at org.springframework.util.ReflectionUtils.doWithLocalMethods(ReflectionUtils.java:320) ~[spring-core-6.2.3.jar:6.2.3]
	at org.springframework.beans.factory.annotation.AutowiredAnnotationBeanPostProcessor.checkLookupMethods(AutowiredAnnotationBeanPostProcessor.java:476) ~[spring-beans-6.2.3.jar:6.2.3]
	... 24 common frames omitted
Caused by: java.lang.NoClassDefFoundError: com/example/EmployeePayroll/dto/EmployeeDTO
	at java.base/java.lang.Class.getDeclaredMethods0(Native Method) ~[na:na]
	at java.base/java.lang.Class.privateGetDeclaredMethods(Class.java:3434) ~[na:na]
	at java.base/java.lang.Class.getDeclaredMethods(Class.java:2536) ~[na:na]
	at org.springframework.util.ReflectionUtils.getDeclaredMethods(ReflectionUtils.java:465) ~[spring-core-6.2.3.jar:6.2.3]
	... 26 common frames omitted
Caused by: java.lang.ClassNotFoundException: com.example.EmployeePayroll.dto.EmployeeDTO
	at java.base/jdk.internal.loader.BuiltinClassLoader.loadClass(BuiltinClassLoader.java:641) ~[na:na]
	at java.base/jdk.internal.loader.ClassLoaders$AppClassLoader.loadClass(ClassLoaders.java:188) ~[na:na]
	at java.base/java.lang.ClassLoader.loadClass(ClassLoader.java:521) ~[na:na]
	at java.base/java.lang.Class.forName0(Native Method) ~[na:na]
	at java.base/java.lang.Class.forName(Class.java:488) ~[na:na]
	at java.base/java.lang.Class.forName(Class.java:467) ~[na:na]
	at org.springframework.boot.devtools.restart.classloader.RestartClassLoader.loadClass(RestartClassLoader.java:121) ~[spring-boot-devtools-3.4.3.jar:3.4.3]
	at java.base/java.lang.ClassLoader.loadClass(ClassLoader.java:521) ~[na:na]
	... 30 common frames omitted
2025-03-08 11:35:20 - INFO - Starting EmployeePayrollApplication using Java 18.0.2.1 with PID 18332 (C:\Users\Jagrati Dixit\Downloads\EmployeePayroll\EmployeePayroll\target\classes started by Jagrati Dixit in C:\Users\Jagrati Dixit\Downloads\EmployeePayroll\EmployeePayroll)
2025-03-08 11:35:20 - DEBUG - Running with Spring Boot v3.4.3, Spring v6.2.3
2025-03-08 11:35:20 - INFO - No active profile set, falling back to 1 default profile: "default"
2025-03-08 11:35:20 - INFO - Bootstrapping Spring Data JPA repositories in DEFAULT mode.
2025-03-08 11:35:20 - INFO - Finished Spring Data repository scanning in 22 ms. Found 1 JPA repository interface.
2025-03-08 11:35:21 - INFO - Tomcat initialized with port 8080 (http)
2025-03-08 11:35:21 - INFO - Starting service [Tomcat]
2025-03-08 11:35:21 - INFO - Starting Servlet engine: [Apache Tomcat/10.1.36]
2025-03-08 11:35:21 - INFO - Initializing Spring embedded WebApplicationContext
2025-03-08 11:35:21 - INFO - Root WebApplicationContext: initialization completed in 843 ms
2025-03-08 11:35:21 - INFO - HHH000204: Processing PersistenceUnitInfo [name: default]
2025-03-08 11:35:21 - INFO - HHH000026: Second-level cache disabled
2025-03-08 11:35:21 - INFO - No LoadTimeWeaver setup: ignoring JPA class transformer
2025-03-08 11:35:21 - INFO - HikariPool-3 - Starting...
2025-03-08 11:35:21 - INFO - HikariPool-3 - Added connection com.mysql.cj.jdbc.ConnectionImpl@466cf44e
2025-03-08 11:35:21 - INFO - HikariPool-3 - Start completed.
2025-03-08 11:35:21 - WARN - HHH90000025: MySQL8Dialect does not need to be specified explicitly using 'hibernate.dialect' (remove the property setting and it will be selected by default)
2025-03-08 11:35:21 - WARN - HHH90000026: MySQL8Dialect has been deprecated; use org.hibernate.dialect.MySQLDialect instead
2025-03-08 11:35:21 - INFO - HHH10001005: Database info:
	Database JDBC URL [Connecting through datasource 'HikariDataSource (HikariPool-3)']
	Database driver: undefined/unknown
	Database version: 8.0
	Autocommit mode: undefined/unknown
	Isolation level: undefined/unknown
	Minimum pool size: undefined/unknown
	Maximum pool size: undefined/unknown
2025-03-08 11:35:21 - INFO - HHH000489: No JTA platform available (set 'hibernate.transaction.jta.platform' to enable JTA platform integration)
2025-03-08 11:35:21 - INFO - Initialized JPA EntityManagerFactory for persistence unit 'default'
2025-03-08 11:35:21 - WARN - spring.jpa.open-in-view is enabled by default. Therefore, database queries may be performed during view rendering. Explicitly configure spring.jpa.open-in-view to disable this warning
2025-03-08 11:35:21 - INFO - LiveReload server is running on port 35729
2025-03-08 11:35:21 - INFO - Tomcat started on port 8080 (http) with context path '/'
2025-03-08 11:35:21 - INFO - Started EmployeePayrollApplication in 1.606 seconds (process running for 1179.336)
2025-03-08 11:35:21 - INFO - Condition evaluation unchanged
2025-03-08 11:35:22 - INFO - Starting EmployeePayrollApplication using Java 18.0.2.1 with PID 9872 (C:\Users\Jagrati Dixit\Downloads\EmployeePayroll\EmployeePayroll\target\classes started by Jagrati Dixit in C:\Users\Jagrati Dixit\Downloads\EmployeePayroll\EmployeePayroll)
2025-03-08 11:35:22 - DEBUG - Running with Spring Boot v3.4.3, Spring v6.2.3
2025-03-08 11:35:22 - INFO - No active profile set, falling back to 1 default profile: "default"
2025-03-08 11:35:26 - INFO - Starting EmployeePayrollApplication using Java 18.0.2.1 with PID 22488 (C:\Users\Jagrati Dixit\Downloads\EmployeePayroll\EmployeePayroll\target\classes started by Jagrati Dixit in C:\Users\Jagrati Dixit\Downloads\EmployeePayroll\EmployeePayroll)
2025-03-08 11:35:26 - DEBUG - Running with Spring Boot v3.4.3, Spring v6.2.3
2025-03-08 11:35:26 - INFO - No active profile set, falling back to 1 default profile: "default"
2025-03-08 11:35:26 - INFO - Devtools property defaults active! Set 'spring.devtools.add-properties' to 'false' to disable
2025-03-08 11:35:26 - INFO - For additional web related logging consider setting the 'logging.level.web' property to 'DEBUG'
2025-03-08 11:35:28 - INFO - Bootstrapping Spring Data JPA repositories in DEFAULT mode.
2025-03-08 11:35:28 - INFO - Finished Spring Data repository scanning in 122 ms. Found 1 JPA repository interface.
2025-03-08 11:35:30 - INFO - Tomcat initialized with port 8080 (http)
2025-03-08 11:35:30 - INFO - Starting service [Tomcat]
2025-03-08 11:35:30 - INFO - Starting Servlet engine: [Apache Tomcat/10.1.36]
2025-03-08 11:35:30 - INFO - Initializing Spring embedded WebApplicationContext
2025-03-08 11:35:30 - INFO - Root WebApplicationContext: initialization completed in 3241 ms
2025-03-08 11:35:30 - INFO - HHH000204: Processing PersistenceUnitInfo [name: default]
2025-03-08 11:35:30 - INFO - HHH000412: Hibernate ORM core version 6.6.8.Final
2025-03-08 11:35:30 - INFO - HHH000026: Second-level cache disabled
2025-03-08 11:35:31 - INFO - No LoadTimeWeaver setup: ignoring JPA class transformer
2025-03-08 11:35:31 - INFO - HikariPool-1 - Starting...
2025-03-08 11:35:32 - INFO - HikariPool-1 - Added connection com.mysql.cj.jdbc.ConnectionImpl@5a3c3a02
2025-03-08 11:35:32 - INFO - HikariPool-1 - Start completed.
2025-03-08 11:35:32 - WARN - HHH90000025: MySQL8Dialect does not need to be specified explicitly using 'hibernate.dialect' (remove the property setting and it will be selected by default)
2025-03-08 11:35:32 - WARN - HHH90000026: MySQL8Dialect has been deprecated; use org.hibernate.dialect.MySQLDialect instead
2025-03-08 11:35:32 - INFO - HHH10001005: Database info:
	Database JDBC URL [Connecting through datasource 'HikariDataSource (HikariPool-1)']
	Database driver: undefined/unknown
	Database version: 8.0
	Autocommit mode: undefined/unknown
	Isolation level: undefined/unknown
	Minimum pool size: undefined/unknown
	Maximum pool size: undefined/unknown
2025-03-08 11:35:34 - INFO - HHH000489: No JTA platform available (set 'hibernate.transaction.jta.platform' to enable JTA platform integration)
2025-03-08 11:35:34 - INFO - Initialized JPA EntityManagerFactory for persistence unit 'default'
2025-03-08 11:35:34 - WARN - spring.jpa.open-in-view is enabled by default. Therefore, database queries may be performed during view rendering. Explicitly configure spring.jpa.open-in-view to disable this warning
2025-03-08 11:35:35 - WARN - Unable to start LiveReload server
2025-03-08 11:35:35 - WARN - Exception encountered during context initialization - cancelling refresh attempt: org.springframework.context.ApplicationContextException: Failed to start bean 'webServerStartStop'
2025-03-08 11:35:35 - INFO - Closing JPA EntityManagerFactory for persistence unit 'default'
2025-03-08 11:35:35 - INFO - HikariPool-1 - Shutdown initiated...
2025-03-08 11:35:35 - INFO - HikariPool-1 - Shutdown completed.
2025-03-08 11:35:36 - INFO - 

Error starting ApplicationContext. To display the condition evaluation report re-run your application with 'debug' enabled.
2025-03-08 11:35:36 - ERROR - 

***************************
APPLICATION FAILED TO START
***************************

Description:

Web server failed to start. Port 8080 was already in use.

Action:

Identify and stop the process that's listening on port 8080 or configure this application to listen on another port.

2025-03-08 11:36:13 - INFO - Starting EmployeePayrollApplication using Java 18.0.2.1 with PID 23020 (C:\Users\Jagrati Dixit\Downloads\EmployeePayroll\EmployeePayroll\target\classes started by Jagrati Dixit in C:\Users\Jagrati Dixit\Downloads\EmployeePayroll\EmployeePayroll)
2025-03-08 11:36:13 - DEBUG - Running with Spring Boot v3.4.3, Spring v6.2.3
2025-03-08 11:36:13 - INFO - No active profile set, falling back to 1 default profile: "default"
2025-03-08 11:36:13 - INFO - Devtools property defaults active! Set 'spring.devtools.add-properties' to 'false' to disable
2025-03-08 11:36:13 - INFO - For additional web related logging consider setting the 'logging.level.web' property to 'DEBUG'
2025-03-08 11:36:15 - INFO - Bootstrapping Spring Data JPA repositories in DEFAULT mode.
2025-03-08 11:36:15 - INFO - Finished Spring Data repository scanning in 116 ms. Found 1 JPA repository interface.
2025-03-08 11:36:16 - INFO - Tomcat initialized with port 8080 (http)
2025-03-08 11:36:16 - INFO - Starting service [Tomcat]
2025-03-08 11:36:16 - INFO - Starting Servlet engine: [Apache Tomcat/10.1.36]
2025-03-08 11:36:16 - INFO - Initializing Spring embedded WebApplicationContext
2025-03-08 11:36:16 - INFO - Root WebApplicationContext: initialization completed in 3096 ms
2025-03-08 11:36:17 - INFO - HHH000204: Processing PersistenceUnitInfo [name: default]
2025-03-08 11:36:17 - INFO - HHH000412: Hibernate ORM core version 6.6.8.Final
2025-03-08 11:36:17 - INFO - HHH000026: Second-level cache disabled
2025-03-08 11:36:17 - INFO - No LoadTimeWeaver setup: ignoring JPA class transformer
2025-03-08 11:36:18 - INFO - HikariPool-1 - Starting...
2025-03-08 11:36:18 - INFO - HikariPool-1 - Added connection com.mysql.cj.jdbc.ConnectionImpl@5a3c3a02
2025-03-08 11:36:18 - INFO - HikariPool-1 - Start completed.
2025-03-08 11:36:18 - WARN - HHH90000025: MySQL8Dialect does not need to be specified explicitly using 'hibernate.dialect' (remove the property setting and it will be selected by default)
2025-03-08 11:36:18 - WARN - HHH90000026: MySQL8Dialect has been deprecated; use org.hibernate.dialect.MySQLDialect instead
2025-03-08 11:36:18 - INFO - HHH10001005: Database info:
	Database JDBC URL [Connecting through datasource 'HikariDataSource (HikariPool-1)']
	Database driver: undefined/unknown
	Database version: 8.0
	Autocommit mode: undefined/unknown
	Isolation level: undefined/unknown
	Minimum pool size: undefined/unknown
	Maximum pool size: undefined/unknown
2025-03-08 11:36:20 - INFO - HHH000489: No JTA platform available (set 'hibernate.transaction.jta.platform' to enable JTA platform integration)
2025-03-08 11:36:20 - INFO - Initialized JPA EntityManagerFactory for persistence unit 'default'
2025-03-08 11:36:20 - WARN - spring.jpa.open-in-view is enabled by default. Therefore, database queries may be performed during view rendering. Explicitly configure spring.jpa.open-in-view to disable this warning
2025-03-08 11:36:22 - INFO - LiveReload server is running on port 35729
2025-03-08 11:36:22 - INFO - Tomcat started on port 8080 (http) with context path '/'
2025-03-08 11:36:22 - INFO - Started EmployeePayrollApplication in 9.786 seconds (process running for 10.907)
2025-03-08 11:47:11 - INFO - Initializing Spring DispatcherServlet 'dispatcherServlet'
2025-03-08 11:47:11 - INFO - Initializing Servlet 'dispatcherServlet'
2025-03-08 11:47:11 - INFO - Completed initialization in 107 ms
2025-03-08 11:47:12 - INFO - Creating Employee: EmployeeDTO(name=Jagrati Dixit, salary=500000.0)
2025-03-08 11:48:08 - INFO - Creating Employee: EmployeeDTO(name=Aditi Dixit, salary=300000.0)
2025-03-08 11:48:24 - INFO - Creating Employee: EmployeeDTO(name=Vishesh Dixit, salary=30000.0)
2025-03-08 11:48:35 - INFO - Fetching all employees
2025-03-08 11:49:03 - INFO - Fetching employee with ID: 2
